<?xml version="1.0" encoding="UTF-8"?>
<testsuite xmlns:xsi="http://www.w3.org/2001/XMLSchema-instance" xsi:noNamespaceSchemaLocation="https://maven.apache.org/surefire/maven-surefire-plugin/xsd/surefire-test-report.xsd" name="br.com.angratech.micronaut.ApplicationTests" time="3.753" tests="1" errors="0" skipped="0" failures="0">
  <properties>
    <property name="java.specification.version" value="17"/>
    <property name="sun.jnu.encoding" value="UTF-8"/>
    <property name="java.class.path" value="/home/meridius/Documents/workspace/spring-boot-micronaut-data/target/test-classes:/home/meridius/Documents/workspace/spring-boot-micronaut-data/target/classes:/home/meridius/.m2/repository/io/micronaut/data/micronaut-data-jdbc/3.8.0/micronaut-data-jdbc-3.8.0.jar:/home/meridius/.m2/repository/io/micronaut/micronaut-inject/3.7.0/micronaut-inject-3.7.0.jar:/home/meridius/.m2/repository/org/slf4j/slf4j-api/1.7.36/slf4j-api-1.7.36.jar:/home/meridius/.m2/repository/javax/annotation/javax.annotation-api/1.3.2/javax.annotation-api-1.3.2.jar:/home/meridius/.m2/repository/jakarta/inject/jakarta.inject-api/2.0.1/jakarta.inject-api-2.0.1.jar:/home/meridius/.m2/repository/io/micronaut/micronaut-core/3.7.0/micronaut-core-3.7.0.jar:/home/meridius/.m2/repository/org/yaml/snakeyaml/1.30/snakeyaml-1.30.jar:/home/meridius/.m2/repository/io/micronaut/data/micronaut-data-runtime/3.8.0/micronaut-data-runtime-3.8.0.jar:/home/meridius/.m2/repository/io/micronaut/data/micronaut-data-model/3.8.0/micronaut-data-model-3.8.0.jar:/home/meridius/.m2/repository/io/micronaut/data/micronaut-data-tx/3.8.0/micronaut-data-tx-3.8.0.jar:/home/meridius/.m2/repository/javax/transaction/javax.transaction-api/1.3/javax.transaction-api-1.3.jar:/home/meridius/.m2/repository/io/micronaut/micronaut-validation/3.7.0/micronaut-validation-3.7.0.jar:/home/meridius/.m2/repository/io/projectreactor/reactor-core/3.4.23/reactor-core-3.4.23.jar:/home/meridius/.m2/repository/org/reactivestreams/reactive-streams/1.0.4/reactive-streams-1.0.4.jar:/home/meridius/.m2/repository/io/micronaut/micronaut-http/3.7.0/micronaut-http-3.7.0.jar:/home/meridius/.m2/repository/io/micronaut/micronaut-core-reactive/3.7.0/micronaut-core-reactive-3.7.0.jar:/home/meridius/.m2/repository/io/micronaut/sql/micronaut-jdbc/4.7.0/micronaut-jdbc-4.7.0.jar:/home/meridius/.m2/repository/io/micronaut/spring/micronaut-spring-boot-starter/4.3.1/micronaut-spring-boot-starter-4.3.1.jar:/home/meridius/.m2/repository/io/micronaut/micronaut-aop/3.7.0/micronaut-aop-3.7.0.jar:/home/meridius/.m2/repository/io/micronaut/micronaut-context/3.7.0/micronaut-context-3.7.0.jar:/home/meridius/.m2/repository/javax/validation/validation-api/2.0.1.Final/validation-api-2.0.1.Final.jar:/home/meridius/.m2/repository/org/springframework/boot/spring-boot/2.7.3/spring-boot-2.7.3.jar:/home/meridius/.m2/repository/org/springframework/spring-context/5.3.23/spring-context-5.3.23.jar:/home/meridius/.m2/repository/org/springframework/boot/spring-boot-autoconfigure/2.7.3/spring-boot-autoconfigure-2.7.3.jar:/home/meridius/.m2/repository/io/micronaut/sql/micronaut-jdbc-hikari/4.7.0/micronaut-jdbc-hikari-4.7.0.jar:/home/meridius/.m2/repository/com/zaxxer/HikariCP/4.0.3/HikariCP-4.0.3.jar:/home/meridius/.m2/repository/jakarta/annotation/jakarta.annotation-api/2.1.1/jakarta.annotation-api-2.1.1.jar:/home/meridius/.m2/repository/jakarta/persistence/jakarta.persistence-api/3.1.0/jakarta.persistence-api-3.1.0.jar:/home/meridius/.m2/repository/org/springframework/boot/spring-boot-starter-web/2.7.3/spring-boot-starter-web-2.7.3.jar:/home/meridius/.m2/repository/org/springframework/boot/spring-boot-starter/2.7.3/spring-boot-starter-2.7.3.jar:/home/meridius/.m2/repository/org/springframework/boot/spring-boot-starter-logging/2.7.3/spring-boot-starter-logging-2.7.3.jar:/home/meridius/.m2/repository/ch/qos/logback/logback-classic/1.2.11/logback-classic-1.2.11.jar:/home/meridius/.m2/repository/ch/qos/logback/logback-core/1.2.11/logback-core-1.2.11.jar:/home/meridius/.m2/repository/org/apache/logging/log4j/log4j-to-slf4j/2.17.2/log4j-to-slf4j-2.17.2.jar:/home/meridius/.m2/repository/org/apache/logging/log4j/log4j-api/2.17.2/log4j-api-2.17.2.jar:/home/meridius/.m2/repository/org/slf4j/jul-to-slf4j/1.7.36/jul-to-slf4j-1.7.36.jar:/home/meridius/.m2/repository/org/springframework/boot/spring-boot-starter-json/2.7.3/spring-boot-starter-json-2.7.3.jar:/home/meridius/.m2/repository/com/fasterxml/jackson/core/jackson-databind/2.13.4/jackson-databind-2.13.4.jar:/home/meridius/.m2/repository/com/fasterxml/jackson/core/jackson-annotations/2.13.4/jackson-annotations-2.13.4.jar:/home/meridius/.m2/repository/com/fasterxml/jackson/core/jackson-core/2.13.4/jackson-core-2.13.4.jar:/home/meridius/.m2/repository/com/fasterxml/jackson/datatype/jackson-datatype-jdk8/2.13.4/jackson-datatype-jdk8-2.13.4.jar:/home/meridius/.m2/repository/com/fasterxml/jackson/datatype/jackson-datatype-jsr310/2.13.4/jackson-datatype-jsr310-2.13.4.jar:/home/meridius/.m2/repository/com/fasterxml/jackson/module/jackson-module-parameter-names/2.13.4/jackson-module-parameter-names-2.13.4.jar:/home/meridius/.m2/repository/org/springframework/boot/spring-boot-starter-tomcat/2.7.3/spring-boot-starter-tomcat-2.7.3.jar:/home/meridius/.m2/repository/org/apache/tomcat/embed/tomcat-embed-core/9.0.65/tomcat-embed-core-9.0.65.jar:/home/meridius/.m2/repository/org/apache/tomcat/embed/tomcat-embed-el/9.0.65/tomcat-embed-el-9.0.65.jar:/home/meridius/.m2/repository/org/apache/tomcat/embed/tomcat-embed-websocket/9.0.65/tomcat-embed-websocket-9.0.65.jar:/home/meridius/.m2/repository/org/springframework/spring-web/5.3.23/spring-web-5.3.23.jar:/home/meridius/.m2/repository/org/springframework/spring-beans/5.3.23/spring-beans-5.3.23.jar:/home/meridius/.m2/repository/org/springframework/spring-webmvc/5.3.23/spring-webmvc-5.3.23.jar:/home/meridius/.m2/repository/org/springframework/spring-aop/5.3.23/spring-aop-5.3.23.jar:/home/meridius/.m2/repository/org/springframework/spring-expression/5.3.23/spring-expression-5.3.23.jar:/home/meridius/.m2/repository/com/h2database/h2/2.1.214/h2-2.1.214.jar:/home/meridius/.m2/repository/org/springframework/boot/spring-boot-starter-test/2.7.3/spring-boot-starter-test-2.7.3.jar:/home/meridius/.m2/repository/org/springframework/boot/spring-boot-test/2.7.3/spring-boot-test-2.7.3.jar:/home/meridius/.m2/repository/org/springframework/boot/spring-boot-test-autoconfigure/2.7.3/spring-boot-test-autoconfigure-2.7.3.jar:/home/meridius/.m2/repository/com/jayway/jsonpath/json-path/2.7.0/json-path-2.7.0.jar:/home/meridius/.m2/repository/net/minidev/json-smart/2.4.8/json-smart-2.4.8.jar:/home/meridius/.m2/repository/net/minidev/accessors-smart/2.4.8/accessors-smart-2.4.8.jar:/home/meridius/.m2/repository/org/ow2/asm/asm/9.1/asm-9.1.jar:/home/meridius/.m2/repository/jakarta/xml/bind/jakarta.xml.bind-api/2.3.3/jakarta.xml.bind-api-2.3.3.jar:/home/meridius/.m2/repository/jakarta/activation/jakarta.activation-api/1.2.2/jakarta.activation-api-1.2.2.jar:/home/meridius/.m2/repository/org/assertj/assertj-core/3.22.0/assertj-core-3.22.0.jar:/home/meridius/.m2/repository/org/hamcrest/hamcrest/2.2/hamcrest-2.2.jar:/home/meridius/.m2/repository/org/junit/jupiter/junit-jupiter/5.9.0/junit-jupiter-5.9.0.jar:/home/meridius/.m2/repository/org/junit/jupiter/junit-jupiter-api/5.9.0/junit-jupiter-api-5.9.0.jar:/home/meridius/.m2/repository/org/opentest4j/opentest4j/1.2.0/opentest4j-1.2.0.jar:/home/meridius/.m2/repository/org/junit/platform/junit-platform-commons/1.9.0/junit-platform-commons-1.9.0.jar:/home/meridius/.m2/repository/org/apiguardian/apiguardian-api/1.1.2/apiguardian-api-1.1.2.jar:/home/meridius/.m2/repository/org/junit/jupiter/junit-jupiter-params/5.9.0/junit-jupiter-params-5.9.0.jar:/home/meridius/.m2/repository/org/junit/jupiter/junit-jupiter-engine/5.9.0/junit-jupiter-engine-5.9.0.jar:/home/meridius/.m2/repository/org/junit/platform/junit-platform-engine/1.9.0/junit-platform-engine-1.9.0.jar:/home/meridius/.m2/repository/org/mockito/mockito-core/4.8.0/mockito-core-4.8.0.jar:/home/meridius/.m2/repository/net/bytebuddy/byte-buddy/1.12.13/byte-buddy-1.12.13.jar:/home/meridius/.m2/repository/net/bytebuddy/byte-buddy-agent/1.12.13/byte-buddy-agent-1.12.13.jar:/home/meridius/.m2/repository/org/objenesis/objenesis/3.2/objenesis-3.2.jar:/home/meridius/.m2/repository/org/mockito/mockito-junit-jupiter/4.8.0/mockito-junit-jupiter-4.8.0.jar:/home/meridius/.m2/repository/org/skyscreamer/jsonassert/1.5.1/jsonassert-1.5.1.jar:/home/meridius/.m2/repository/com/vaadin/external/google/android-json/0.0.20131108.vaadin1/android-json-0.0.20131108.vaadin1.jar:/home/meridius/.m2/repository/org/springframework/spring-core/5.3.23/spring-core-5.3.23.jar:/home/meridius/.m2/repository/org/springframework/spring-jcl/5.3.23/spring-jcl-5.3.23.jar:/home/meridius/.m2/repository/org/springframework/spring-test/5.3.23/spring-test-5.3.23.jar:/home/meridius/.m2/repository/org/xmlunit/xmlunit-core/2.9.0/xmlunit-core-2.9.0.jar:"/>
    <property name="java.vm.vendor" value="Oracle Corporation"/>
    <property name="sun.arch.data.model" value="64"/>
    <property name="java.vendor.url" value="https://java.oracle.com/"/>
    <property name="os.name" value="Linux"/>
    <property name="java.vm.specification.version" value="17"/>
    <property name="sun.java.launcher" value="SUN_STANDARD"/>
    <property name="user.country" value="US"/>
    <property name="sun.boot.library.path" value="/usr/lib/jvm/java-17-oracle/lib"/>
    <property name="sun.java.command" value="/home/meridius/Documents/workspace/spring-boot-micronaut-data/target/surefire/surefirebooter9896597989477698317.jar /home/meridius/Documents/workspace/spring-boot-micronaut-data/target/surefire 2022-10-04T13-10-54_644-jvmRun1 surefire15067120102011619324tmp surefire_015128190261762277014tmp"/>
    <property name="jdk.debug" value="release"/>
    <property name="surefire.test.class.path" value="/home/meridius/Documents/workspace/spring-boot-micronaut-data/target/test-classes:/home/meridius/Documents/workspace/spring-boot-micronaut-data/target/classes:/home/meridius/.m2/repository/io/micronaut/data/micronaut-data-jdbc/3.8.0/micronaut-data-jdbc-3.8.0.jar:/home/meridius/.m2/repository/io/micronaut/micronaut-inject/3.7.0/micronaut-inject-3.7.0.jar:/home/meridius/.m2/repository/org/slf4j/slf4j-api/1.7.36/slf4j-api-1.7.36.jar:/home/meridius/.m2/repository/javax/annotation/javax.annotation-api/1.3.2/javax.annotation-api-1.3.2.jar:/home/meridius/.m2/repository/jakarta/inject/jakarta.inject-api/2.0.1/jakarta.inject-api-2.0.1.jar:/home/meridius/.m2/repository/io/micronaut/micronaut-core/3.7.0/micronaut-core-3.7.0.jar:/home/meridius/.m2/repository/org/yaml/snakeyaml/1.30/snakeyaml-1.30.jar:/home/meridius/.m2/repository/io/micronaut/data/micronaut-data-runtime/3.8.0/micronaut-data-runtime-3.8.0.jar:/home/meridius/.m2/repository/io/micronaut/data/micronaut-data-model/3.8.0/micronaut-data-model-3.8.0.jar:/home/meridius/.m2/repository/io/micronaut/data/micronaut-data-tx/3.8.0/micronaut-data-tx-3.8.0.jar:/home/meridius/.m2/repository/javax/transaction/javax.transaction-api/1.3/javax.transaction-api-1.3.jar:/home/meridius/.m2/repository/io/micronaut/micronaut-validation/3.7.0/micronaut-validation-3.7.0.jar:/home/meridius/.m2/repository/io/projectreactor/reactor-core/3.4.23/reactor-core-3.4.23.jar:/home/meridius/.m2/repository/org/reactivestreams/reactive-streams/1.0.4/reactive-streams-1.0.4.jar:/home/meridius/.m2/repository/io/micronaut/micronaut-http/3.7.0/micronaut-http-3.7.0.jar:/home/meridius/.m2/repository/io/micronaut/micronaut-core-reactive/3.7.0/micronaut-core-reactive-3.7.0.jar:/home/meridius/.m2/repository/io/micronaut/sql/micronaut-jdbc/4.7.0/micronaut-jdbc-4.7.0.jar:/home/meridius/.m2/repository/io/micronaut/spring/micronaut-spring-boot-starter/4.3.1/micronaut-spring-boot-starter-4.3.1.jar:/home/meridius/.m2/repository/io/micronaut/micronaut-aop/3.7.0/micronaut-aop-3.7.0.jar:/home/meridius/.m2/repository/io/micronaut/micronaut-context/3.7.0/micronaut-context-3.7.0.jar:/home/meridius/.m2/repository/javax/validation/validation-api/2.0.1.Final/validation-api-2.0.1.Final.jar:/home/meridius/.m2/repository/org/springframework/boot/spring-boot/2.7.3/spring-boot-2.7.3.jar:/home/meridius/.m2/repository/org/springframework/spring-context/5.3.23/spring-context-5.3.23.jar:/home/meridius/.m2/repository/org/springframework/boot/spring-boot-autoconfigure/2.7.3/spring-boot-autoconfigure-2.7.3.jar:/home/meridius/.m2/repository/io/micronaut/sql/micronaut-jdbc-hikari/4.7.0/micronaut-jdbc-hikari-4.7.0.jar:/home/meridius/.m2/repository/com/zaxxer/HikariCP/4.0.3/HikariCP-4.0.3.jar:/home/meridius/.m2/repository/jakarta/annotation/jakarta.annotation-api/2.1.1/jakarta.annotation-api-2.1.1.jar:/home/meridius/.m2/repository/jakarta/persistence/jakarta.persistence-api/3.1.0/jakarta.persistence-api-3.1.0.jar:/home/meridius/.m2/repository/org/springframework/boot/spring-boot-starter-web/2.7.3/spring-boot-starter-web-2.7.3.jar:/home/meridius/.m2/repository/org/springframework/boot/spring-boot-starter/2.7.3/spring-boot-starter-2.7.3.jar:/home/meridius/.m2/repository/org/springframework/boot/spring-boot-starter-logging/2.7.3/spring-boot-starter-logging-2.7.3.jar:/home/meridius/.m2/repository/ch/qos/logback/logback-classic/1.2.11/logback-classic-1.2.11.jar:/home/meridius/.m2/repository/ch/qos/logback/logback-core/1.2.11/logback-core-1.2.11.jar:/home/meridius/.m2/repository/org/apache/logging/log4j/log4j-to-slf4j/2.17.2/log4j-to-slf4j-2.17.2.jar:/home/meridius/.m2/repository/org/apache/logging/log4j/log4j-api/2.17.2/log4j-api-2.17.2.jar:/home/meridius/.m2/repository/org/slf4j/jul-to-slf4j/1.7.36/jul-to-slf4j-1.7.36.jar:/home/meridius/.m2/repository/org/springframework/boot/spring-boot-starter-json/2.7.3/spring-boot-starter-json-2.7.3.jar:/home/meridius/.m2/repository/com/fasterxml/jackson/core/jackson-databind/2.13.4/jackson-databind-2.13.4.jar:/home/meridius/.m2/repository/com/fasterxml/jackson/core/jackson-annotations/2.13.4/jackson-annotations-2.13.4.jar:/home/meridius/.m2/repository/com/fasterxml/jackson/core/jackson-core/2.13.4/jackson-core-2.13.4.jar:/home/meridius/.m2/repository/com/fasterxml/jackson/datatype/jackson-datatype-jdk8/2.13.4/jackson-datatype-jdk8-2.13.4.jar:/home/meridius/.m2/repository/com/fasterxml/jackson/datatype/jackson-datatype-jsr310/2.13.4/jackson-datatype-jsr310-2.13.4.jar:/home/meridius/.m2/repository/com/fasterxml/jackson/module/jackson-module-parameter-names/2.13.4/jackson-module-parameter-names-2.13.4.jar:/home/meridius/.m2/repository/org/springframework/boot/spring-boot-starter-tomcat/2.7.3/spring-boot-starter-tomcat-2.7.3.jar:/home/meridius/.m2/repository/org/apache/tomcat/embed/tomcat-embed-core/9.0.65/tomcat-embed-core-9.0.65.jar:/home/meridius/.m2/repository/org/apache/tomcat/embed/tomcat-embed-el/9.0.65/tomcat-embed-el-9.0.65.jar:/home/meridius/.m2/repository/org/apache/tomcat/embed/tomcat-embed-websocket/9.0.65/tomcat-embed-websocket-9.0.65.jar:/home/meridius/.m2/repository/org/springframework/spring-web/5.3.23/spring-web-5.3.23.jar:/home/meridius/.m2/repository/org/springframework/spring-beans/5.3.23/spring-beans-5.3.23.jar:/home/meridius/.m2/repository/org/springframework/spring-webmvc/5.3.23/spring-webmvc-5.3.23.jar:/home/meridius/.m2/repository/org/springframework/spring-aop/5.3.23/spring-aop-5.3.23.jar:/home/meridius/.m2/repository/org/springframework/spring-expression/5.3.23/spring-expression-5.3.23.jar:/home/meridius/.m2/repository/com/h2database/h2/2.1.214/h2-2.1.214.jar:/home/meridius/.m2/repository/org/springframework/boot/spring-boot-starter-test/2.7.3/spring-boot-starter-test-2.7.3.jar:/home/meridius/.m2/repository/org/springframework/boot/spring-boot-test/2.7.3/spring-boot-test-2.7.3.jar:/home/meridius/.m2/repository/org/springframework/boot/spring-boot-test-autoconfigure/2.7.3/spring-boot-test-autoconfigure-2.7.3.jar:/home/meridius/.m2/repository/com/jayway/jsonpath/json-path/2.7.0/json-path-2.7.0.jar:/home/meridius/.m2/repository/net/minidev/json-smart/2.4.8/json-smart-2.4.8.jar:/home/meridius/.m2/repository/net/minidev/accessors-smart/2.4.8/accessors-smart-2.4.8.jar:/home/meridius/.m2/repository/org/ow2/asm/asm/9.1/asm-9.1.jar:/home/meridius/.m2/repository/jakarta/xml/bind/jakarta.xml.bind-api/2.3.3/jakarta.xml.bind-api-2.3.3.jar:/home/meridius/.m2/repository/jakarta/activation/jakarta.activation-api/1.2.2/jakarta.activation-api-1.2.2.jar:/home/meridius/.m2/repository/org/assertj/assertj-core/3.22.0/assertj-core-3.22.0.jar:/home/meridius/.m2/repository/org/hamcrest/hamcrest/2.2/hamcrest-2.2.jar:/home/meridius/.m2/repository/org/junit/jupiter/junit-jupiter/5.9.0/junit-jupiter-5.9.0.jar:/home/meridius/.m2/repository/org/junit/jupiter/junit-jupiter-api/5.9.0/junit-jupiter-api-5.9.0.jar:/home/meridius/.m2/repository/org/opentest4j/opentest4j/1.2.0/opentest4j-1.2.0.jar:/home/meridius/.m2/repository/org/junit/platform/junit-platform-commons/1.9.0/junit-platform-commons-1.9.0.jar:/home/meridius/.m2/repository/org/apiguardian/apiguardian-api/1.1.2/apiguardian-api-1.1.2.jar:/home/meridius/.m2/repository/org/junit/jupiter/junit-jupiter-params/5.9.0/junit-jupiter-params-5.9.0.jar:/home/meridius/.m2/repository/org/junit/jupiter/junit-jupiter-engine/5.9.0/junit-jupiter-engine-5.9.0.jar:/home/meridius/.m2/repository/org/junit/platform/junit-platform-engine/1.9.0/junit-platform-engine-1.9.0.jar:/home/meridius/.m2/repository/org/mockito/mockito-core/4.8.0/mockito-core-4.8.0.jar:/home/meridius/.m2/repository/net/bytebuddy/byte-buddy/1.12.13/byte-buddy-1.12.13.jar:/home/meridius/.m2/repository/net/bytebuddy/byte-buddy-agent/1.12.13/byte-buddy-agent-1.12.13.jar:/home/meridius/.m2/repository/org/objenesis/objenesis/3.2/objenesis-3.2.jar:/home/meridius/.m2/repository/org/mockito/mockito-junit-jupiter/4.8.0/mockito-junit-jupiter-4.8.0.jar:/home/meridius/.m2/repository/org/skyscreamer/jsonassert/1.5.1/jsonassert-1.5.1.jar:/home/meridius/.m2/repository/com/vaadin/external/google/android-json/0.0.20131108.vaadin1/android-json-0.0.20131108.vaadin1.jar:/home/meridius/.m2/repository/org/springframework/spring-core/5.3.23/spring-core-5.3.23.jar:/home/meridius/.m2/repository/org/springframework/spring-jcl/5.3.23/spring-jcl-5.3.23.jar:/home/meridius/.m2/repository/org/springframework/spring-test/5.3.23/spring-test-5.3.23.jar:/home/meridius/.m2/repository/org/xmlunit/xmlunit-core/2.9.0/xmlunit-core-2.9.0.jar:"/>
    <property name="sun.cpu.endian" value="little"/>
    <property name="user.home" value="/home/meridius"/>
    <property name="user.language" value="en"/>
    <property name="java.specification.vendor" value="Oracle Corporation"/>
    <property name="java.version.date" value="2021-10-19"/>
    <property name="java.home" value="/usr/lib/jvm/java-17-oracle"/>
    <property name="file.separator" value="/"/>
    <property name="basedir" value="/home/meridius/Documents/workspace/spring-boot-micronaut-data"/>
    <property name="java.vm.compressedOopsMode" value="Zero based"/>
    <property name="line.separator" value="&#10;"/>
    <property name="java.vm.specification.vendor" value="Oracle Corporation"/>
    <property name="java.specification.name" value="Java Platform API Specification"/>
    <property name="surefire.real.class.path" value="/home/meridius/Documents/workspace/spring-boot-micronaut-data/target/surefire/surefirebooter9896597989477698317.jar"/>
    <property name="sun.management.compiler" value="HotSpot 64-Bit Tiered Compilers"/>
    <property name="java.runtime.version" value="17.0.1+12-LTS-39"/>
    <property name="user.name" value="meridius"/>
    <property name="path.separator" value=":"/>
    <property name="os.version" value="5.4.0-126-generic"/>
    <property name="java.runtime.name" value="Java(TM) SE Runtime Environment"/>
    <property name="file.encoding" value="UTF-8"/>
    <property name="java.vm.name" value="Java HotSpot(TM) 64-Bit Server VM"/>
    <property name="localRepository" value="/home/meridius/.m2/repository"/>
    <property name="java.vendor.url.bug" value="https://bugreport.java.com/bugreport/"/>
    <property name="java.io.tmpdir" value="/tmp"/>
    <property name="java.version" value="17.0.1"/>
    <property name="user.dir" value="/home/meridius/Documents/workspace/spring-boot-micronaut-data"/>
    <property name="os.arch" value="amd64"/>
    <property name="java.vm.specification.name" value="Java Virtual Machine Specification"/>
    <property name="native.encoding" value="UTF-8"/>
    <property name="java.library.path" value="/usr/java/packages/lib:/usr/lib64:/lib64:/lib:/usr/lib"/>
    <property name="java.vm.info" value="mixed mode, sharing"/>
    <property name="java.vendor" value="Oracle Corporation"/>
    <property name="java.vm.version" value="17.0.1+12-LTS-39"/>
    <property name="sun.io.unicode.encoding" value="UnicodeLittle"/>
    <property name="java.class.version" value="61.0"/>
  </properties>
  <testcase name="contextLoads" classname="br.com.angratech.micronaut.ApplicationTests" time="0.38"/>
</testsuite>